# JRE version: OpenJDK Runtime Environment (17.0.6) (build 17.0.6+0-b2043.56-10027231)
# Java VM: OpenJDK 64-Bit Server VM (17.0.6+0-b2043.56-10027231, mixed mode, tiered, compressed oops, compressed class ptrs, g1 gc, windows-amd64)
GC Precious Log:
 CPUs: 12 total, 12 available
 Memory: 7553M
 Large Page Support: Disabled
 NUMA Support: Disabled
 Compressed Oops: Enabled (32-bit)
 Heap Region Size: 1M
 Heap Min Capacity: 8M
 Heap Initial Capacity: 120M
 Heap Max Capacity: 2G
 Pre-touch: Disabled
 Parallel Workers: 10
 Concurrent Workers: 3
 Concurrent Refinement Workers: 10
 Periodic GC: Disabled
Heap:
 garbage-first heap   total 173056K, used 104450K [0x0000000080000000, 0x0000000100000000)
  region size 1024K, 4 young (4096K), 4 survivors (4096K)
 Metaspace       used 86892K, committed 87552K, reserved 1130496K
  class space    used 11516K, committed 11776K, reserved 1048576K
GC Heap History (20 events):
Event: 4.075 GC heap after
{Heap after GC invocations=21 (full 0):
 garbage-first heap   total 142336K, used 67272K [0x0000000080000000, 0x0000000100000000)
  region size 1024K, 4 young (4096K), 4 survivors (4096K)
 Metaspace       used 47316K, committed 47744K, reserved 1097728K
  class space    used 6269K, committed 6464K, reserved 1048576K
}
Event: 4.369 GC heap before
{Heap before GC invocations=21 (full 0):
 garbage-first heap   total 142336K, used 104136K [0x0000000080000000, 0x0000000100000000)
  region size 1024K, 40 young (40960K), 4 survivors (4096K)
 Metaspace       used 51044K, committed 51584K, reserved 1097728K
  class space    used 6726K, committed 6976K, reserved 1048576K
}
Event: 4.371 GC heap after
{Heap after GC invocations=22 (full 0):
 garbage-first heap   total 142336K, used 69024K [0x0000000080000000, 0x0000000100000000)
  region size 1024K, 4 young (4096K), 4 survivors (4096K)
 Metaspace       used 51044K, committed 51584K, reserved 1097728K
  class space    used 6726K, committed 6976K, reserved 1048576K
}
Event: 4.701 GC heap before
{Heap before GC invocations=22 (full 0):
 garbage-first heap   total 142336K, used 106912K [0x0000000080000000, 0x0000000100000000)
  region size 1024K, 41 young (41984K), 4 survivors (4096K)
 Metaspace       used 57411K, committed 57984K, reserved 1105920K
  class space    used 8021K, committed 8256K, reserved 1048576K
}
Event: 4.704 GC heap after
{Heap after GC invocations=23 (full 0):
 garbage-first heap   total 142336K, used 70787K [0x0000000080000000, 0x0000000100000000)
  region size 1024K, 4 young (4096K), 4 survivors (4096K)
 Metaspace       used 57411K, committed 57984K, reserved 1105920K
  class space    used 8021K, committed 8256K, reserved 1048576K
}
Event: 5.024 GC heap before
{Heap before GC invocations=24 (full 0):
 garbage-first heap   total 142336K, used 101507K [0x0000000080000000, 0x0000000100000000)
  region size 1024K, 35 young (35840K), 4 survivors (4096K)
 Metaspace       used 62226K, committed 62784K, reserved 1105920K
  class space    used 8646K, committed 8896K, reserved 1048576K
}
Event: 5.027 GC heap after
{Heap after GC invocations=25 (full 0):
 garbage-first heap   total 142336K, used 71798K [0x0000000080000000, 0x0000000100000000)
  region size 1024K, 3 young (3072K), 3 survivors (3072K)
 Metaspace       used 62226K, committed 62784K, reserved 1105920K
  class space    used 8646K, committed 8896K, reserved 1048576K
}
Event: 5.396 GC heap before
{Heap before GC invocations=26 (full 0):
 garbage-first heap   total 142336K, used 113782K [0x0000000080000000, 0x0000000100000000)
  region size 1024K, 41 young (41984K), 3 survivors (3072K)
 Metaspace       used 68469K, committed 69056K, reserved 1114112K
  class space    used 9435K, committed 9728K, reserved 1048576K
}
Event: 5.398 GC heap after
{Heap after GC invocations=27 (full 0):
 garbage-first heap   total 142336K, used 76876K [0x0000000080000000, 0x0000000100000000)
  region size 1024K, 4 young (4096K), 4 survivors (4096K)
 Metaspace       used 68469K, committed 69056K, reserved 1114112K
  class space    used 9435K, committed 9728K, reserved 1048576K
}
Event: 5.557 GC heap before
{Heap before GC invocations=28 (full 0):
 garbage-first heap   total 142336K, used 121932K [0x0000000080000000, 0x0000000100000000)
  region size 1024K, 42 young (43008K), 4 survivors (4096K)
 Metaspace       used 68882K, committed 69504K, reserved 1114112K
  class space    used 9472K, committed 9728K, reserved 1048576K
}
Event: 5.564 GC heap after
{Heap after GC invocations=29 (full 0):
 garbage-first heap   total 142336K, used 86370K [0x0000000080000000, 0x0000000100000000)
  region size 1024K, 6 young (6144K), 6 survivors (6144K)
 Metaspace       used 68882K, committed 69504K, reserved 1114112K
  class space    used 9472K, committed 9728K, reserved 1048576K
}
Event: 5.799 GC heap before
{Heap before GC invocations=29 (full 0):
 garbage-first heap   total 142336K, used 115042K [0x0000000080000000, 0x0000000100000000)
  region size 1024K, 34 young (34816K), 6 survivors (6144K)
 Metaspace       used 72718K, committed 73280K, reserved 1114112K
  class space    used 9932K, committed 10176K, reserved 1048576K
}
Event: 5.803 GC heap after
{Heap after GC invocations=30 (full 0):
 garbage-first heap   total 142336K, used 88800K [0x0000000080000000, 0x0000000100000000)
  region size 1024K, 3 young (3072K), 3 survivors (3072K)
 Metaspace       used 72718K, committed 73280K, reserved 1114112K
  class space    used 9932K, committed 10176K, reserved 1048576K
}
Event: 6.036 GC heap before
{Heap before GC invocations=31 (full 0):
 garbage-first heap   total 163840K, used 121568K [0x0000000080000000, 0x0000000100000000)
  region size 1024K, 29 young (29696K), 3 survivors (3072K)
 Metaspace       used 75695K, committed 76352K, reserved 1122304K
  class space    used 10256K, committed 10560K, reserved 1048576K
}
Event: 6.038 GC heap after
{Heap after GC invocations=32 (full 0):
 garbage-first heap   total 163840K, used 98154K [0x0000000080000000, 0x0000000100000000)
  region size 1024K, 4 young (4096K), 4 survivors (4096K)
 Metaspace       used 75695K, committed 76352K, reserved 1122304K
  class space    used 10256K, committed 10560K, reserved 1048576K
}
Event: 6.323 GC heap before
{Heap before GC invocations=32 (full 0):
 garbage-first heap   total 163840K, used 132970K [0x0000000080000000, 0x0000000100000000)
  region size 1024K, 38 young (38912K), 4 survivors (4096K)
 Metaspace       used 80841K, committed 81472K, reserved 1122304K
  class space    used 10743K, committed 11008K, reserved 1048576K
}
Event: 6.326 GC heap after
{Heap after GC invocations=33 (full 0):
 garbage-first heap   total 163840K, used 100609K [0x0000000080000000, 0x0000000100000000)
  region size 1024K, 5 young (5120K), 5 survivors (5120K)
 Metaspace       used 80841K, committed 81472K, reserved 1122304K
  class space    used 10743K, committed 11008K, reserved 1048576K
}
Event: 6.625 GC heap before
{Heap before GC invocations=34 (full 0):
 garbage-first heap   total 173056K, used 135425K [0x0000000080000000, 0x0000000100000000)
  region size 1024K, 39 young (39936K), 5 survivors (5120K)
 Metaspace       used 85813K, committed 86400K, reserved 1130496K
  class space    used 11390K, committed 11648K, reserved 1048576K
}
Event: 6.628 GC heap after
{Heap after GC invocations=35 (full 0):
 garbage-first heap   total 173056K, used 102888K [0x0000000080000000, 0x0000000100000000)
  region size 1024K, 5 young (5120K), 5 survivors (5120K)
 Metaspace       used 85813K, committed 86400K, reserved 1130496K
  class space    used 11390K, committed 11648K, reserved 1048576K
}
Event: 6.711 GC heap before
{Heap before GC invocations=35 (full 0):
 garbage-first heap   total 173056K, used 112104K [0x0000000080000000, 0x0000000100000000)
  region size 1024K, 15 young (15360K), 5 survivors (5120K)
 Metaspace       used 86892K, committed 87552K, reserved 1130496K
  class space    used 11516K, committed 11776K, reserved 1048576K
}

