# JRE version: OpenJDK Runtime Environment (17.0.6) (build 17.0.6+0-b2043.56-10027231)
# Java VM: OpenJDK 64-Bit Server VM (17.0.6+0-b2043.56-10027231, mixed mode, tiered, compressed oops, compressed class ptrs, g1 gc, windows-amd64)
GC Precious Log:
 CPUs: 12 total, 12 available
 Memory: 7553M
 Large Page Support: Disabled
 NUMA Support: Disabled
 Compressed Oops: Enabled (32-bit)
 Heap Region Size: 1M
 Heap Min Capacity: 8M
 Heap Initial Capacity: 120M
 Heap Max Capacity: 2G
 Pre-touch: Disabled
 Parallel Workers: 10
 Concurrent Workers: 3
 Concurrent Refinement Workers: 10
 Periodic GC: Disabled
Heap:
 garbage-first heap   total 144384K, used 73147K [0x0000000080000000, 0x0000000100000000)
  region size 1024K, 5 young (5120K), 2 survivors (2048K)
 Metaspace       used 55608K, committed 56192K, reserved 1097728K
  class space    used 7805K, committed 8064K, reserved 1048576K
GC Heap History (20 events):
Event: 2.226 GC heap before
{Heap before GC invocations=6 (full 0):
 garbage-first heap   total 68608K, used 46343K [0x0000000080000000, 0x0000000100000000)
  region size 1024K, 5 young (5120K), 4 survivors (4096K)
 Metaspace       used 29354K, committed 29696K, reserved 1081344K
  class space    used 3991K, committed 4160K, reserved 1048576K
}
Event: 2.227 GC heap after
{Heap after GC invocations=7 (full 0):
 garbage-first heap   total 68608K, used 46300K [0x0000000080000000, 0x0000000100000000)
  region size 1024K, 1 young (1024K), 1 survivors (1024K)
 Metaspace       used 29354K, committed 29696K, reserved 1081344K
  class space    used 3991K, committed 4160K, reserved 1048576K
}
Event: 2.315 GC heap before
{Heap before GC invocations=8 (full 0):
 garbage-first heap   total 86016K, used 55516K [0x0000000080000000, 0x0000000100000000)
  region size 1024K, 9 young (9216K), 1 survivors (1024K)
 Metaspace       used 30371K, committed 30720K, reserved 1081344K
  class space    used 4141K, committed 4288K, reserved 1048576K
}
Event: 2.316 GC heap after
{Heap after GC invocations=9 (full 0):
 garbage-first heap   total 103424K, used 50315K [0x0000000080000000, 0x0000000100000000)
  region size 1024K, 2 young (2048K), 2 survivors (2048K)
 Metaspace       used 30371K, committed 30720K, reserved 1081344K
  class space    used 4141K, committed 4288K, reserved 1048576K
}
Event: 2.578 GC heap before
{Heap before GC invocations=9 (full 0):
 garbage-first heap   total 103424K, used 75915K [0x0000000080000000, 0x0000000100000000)
  region size 1024K, 27 young (27648K), 2 survivors (2048K)
 Metaspace       used 33804K, committed 34176K, reserved 1081344K
  class space    used 4696K, committed 4864K, reserved 1048576K
}
Event: 2.580 GC heap after
{Heap after GC invocations=10 (full 0):
 garbage-first heap   total 103424K, used 51275K [0x0000000080000000, 0x0000000100000000)
  region size 1024K, 3 young (3072K), 3 survivors (3072K)
 Metaspace       used 33804K, committed 34176K, reserved 1081344K
  class space    used 4696K, committed 4864K, reserved 1048576K
}
Event: 2.935 GC heap before
{Heap before GC invocations=11 (full 0):
 garbage-first heap   total 103424K, used 77899K [0x0000000080000000, 0x0000000100000000)
  region size 1024K, 30 young (30720K), 3 survivors (3072K)
 Metaspace       used 41185K, committed 41600K, reserved 1089536K
  class space    used 5538K, committed 5696K, reserved 1048576K
}
Event: 2.938 GC heap after
{Heap after GC invocations=12 (full 0):
 garbage-first heap   total 103424K, used 54370K [0x0000000080000000, 0x0000000100000000)
  region size 1024K, 4 young (4096K), 4 survivors (4096K)
 Metaspace       used 41185K, committed 41600K, reserved 1089536K
  class space    used 5538K, committed 5696K, reserved 1048576K
}
Event: 3.045 GC heap before
{Heap before GC invocations=12 (full 0):
 garbage-first heap   total 103424K, used 78946K [0x0000000080000000, 0x0000000100000000)
  region size 1024K, 29 young (29696K), 4 survivors (4096K)
 Metaspace       used 42147K, committed 42560K, reserved 1089536K
  class space    used 5626K, committed 5824K, reserved 1048576K
}
Event: 3.048 GC heap after
{Heap after GC invocations=13 (full 0):
 garbage-first heap   total 103424K, used 57968K [0x0000000080000000, 0x0000000100000000)
  region size 1024K, 4 young (4096K), 4 survivors (4096K)
 Metaspace       used 42147K, committed 42560K, reserved 1089536K
  class space    used 5626K, committed 5824K, reserved 1048576K
}
Event: 3.323 GC heap before
{Heap before GC invocations=14 (full 0):
 garbage-first heap   total 106496K, used 83568K [0x0000000080000000, 0x0000000100000000)
  region size 1024K, 26 young (26624K), 4 survivors (4096K)
 Metaspace       used 45792K, committed 46208K, reserved 1089536K
  class space    used 6063K, committed 6272K, reserved 1048576K
}
Event: 3.325 GC heap after
{Heap after GC invocations=15 (full 0):
 garbage-first heap   total 106496K, used 59281K [0x0000000080000000, 0x0000000100000000)
  region size 1024K, 2 young (2048K), 2 survivors (2048K)
 Metaspace       used 45792K, committed 46208K, reserved 1089536K
  class space    used 6063K, committed 6272K, reserved 1048576K
}
Event: 3.443 GC heap before
{Heap before GC invocations=15 (full 0):
 garbage-first heap   total 106496K, used 67473K [0x0000000080000000, 0x0000000100000000)
  region size 1024K, 12 young (12288K), 2 survivors (2048K)
 Metaspace       used 46588K, committed 47040K, reserved 1097728K
  class space    used 6193K, committed 6400K, reserved 1048576K
}
Event: 3.445 GC heap after
{Heap after GC invocations=16 (full 0):
 garbage-first heap   total 106496K, used 60829K [0x0000000080000000, 0x0000000100000000)
  region size 1024K, 4 young (4096K), 4 survivors (4096K)
 Metaspace       used 46588K, committed 47040K, reserved 1097728K
  class space    used 6193K, committed 6400K, reserved 1048576K
}
Event: 3.559 GC heap before
{Heap before GC invocations=17 (full 0):
 garbage-first heap   total 111616K, used 76189K [0x0000000080000000, 0x0000000100000000)
  region size 1024K, 15 young (15360K), 4 survivors (4096K)
 Metaspace       used 47317K, committed 47744K, reserved 1097728K
  class space    used 6276K, committed 6464K, reserved 1048576K
}
Event: 3.562 GC heap after
{Heap after GC invocations=18 (full 0):
 garbage-first heap   total 111616K, used 69384K [0x0000000080000000, 0x0000000100000000)
  region size 1024K, 4 young (4096K), 4 survivors (4096K)
 Metaspace       used 47317K, committed 47744K, reserved 1097728K
  class space    used 6276K, committed 6464K, reserved 1048576K
}
Event: 3.728 GC heap before
{Heap before GC invocations=19 (full 0):
 garbage-first heap   total 119808K, used 88840K [0x0000000080000000, 0x0000000100000000)
  region size 1024K, 22 young (22528K), 4 survivors (4096K)
 Metaspace       used 49613K, committed 50112K, reserved 1097728K
  class space    used 6508K, committed 6720K, reserved 1048576K
}
Event: 3.731 GC heap after
{Heap after GC invocations=20 (full 0):
 garbage-first heap   total 144384K, used 70346K [0x0000000080000000, 0x0000000100000000)
  region size 1024K, 2 young (2048K), 2 survivors (2048K)
 Metaspace       used 49613K, committed 50112K, reserved 1097728K
  class space    used 6508K, committed 6720K, reserved 1048576K
}
Event: 3.739 GC heap before
{Heap before GC invocations=20 (full 0):
 garbage-first heap   total 144384K, used 75466K [0x0000000080000000, 0x0000000100000000)
  region size 1024K, 7 young (7168K), 2 survivors (2048K)
 Metaspace       used 49614K, committed 50112K, reserved 1097728K
  class space    used 6508K, committed 6720K, reserved 1048576K
}
Event: 3.740 GC heap after
{Heap after GC invocations=21 (full 0):
 garbage-first heap   total 144384K, used 69957K [0x0000000080000000, 0x0000000100000000)
  region size 1024K, 1 young (1024K), 1 survivors (1024K)
 Metaspace       used 49614K, committed 50112K, reserved 1097728K
  class space    used 6508K, committed 6720K, reserved 1048576K
}

